2023-05-08 18:37:42 [ERROR] o.s.b.d.LoggingFailureAnalysisReporter - 

***************************
APPLICATION FAILED TO START
***************************

Description:

Web server failed to start. Port 8011 was already in use.

Action:

Identify and stop the process that's listening on port 8011 or configure this application to listen on another port.

2023-05-08 18:43:04 [ERROR] o.s.b.d.LoggingFailureAnalysisReporter - 

***************************
APPLICATION FAILED TO START
***************************

Description:

Web server failed to start. Port 8011 was already in use.

Action:

Identify and stop the process that's listening on port 8011 or configure this application to listen on another port.

2023-05-09 18:39:33 [ERROR] o.s.b.d.LoggingFailureAnalysisReporter - 

***************************
APPLICATION FAILED TO START
***************************

Description:

Web server failed to start. Port 8011 was already in use.

Action:

Identify and stop the process that's listening on port 8011 or configure this application to listen on another port.

2023-05-11 00:59:47 [ERROR] o.s.b.d.LoggingFailureAnalysisReporter - 

***************************
APPLICATION FAILED TO START
***************************

Description:

Web server failed to start. Port 8011 was already in use.

Action:

Identify and stop the process that's listening on port 8011 or configure this application to listen on another port.

